{
  "stats": {
    "suites": 1,
    "tests": 1,
    "passes": 0,
    "pending": 3,
    "failures": -2,
    "start": "2022-10-26T14:15:16.944Z",
    "end": "2022-10-26T14:15:17.061Z",
    "duration": 117,
    "testsRegistered": 3,
    "passPercent": null,
    "pendingPercent": 100,
    "other": 2,
    "hasOther": true,
    "skipped": 0,
    "hasSkipped": false
  },
  "results": [
    {
      "uuid": "bcbbfa5a-e6a7-4b81-a577-b2c4c7abb785",
      "title": "",
      "fullFile": "cypress/e2e/view/T3-investorMenu.cy.ts",
      "file": "cypress/e2e/view/T3-investorMenu.cy.ts",
      "beforeHooks": [],
      "afterHooks": [],
      "tests": [],
      "suites": [
        {
          "uuid": "91749787-0636-4823-bf66-fc6b265da912",
          "title": "Nav to menu",
          "fullFile": "",
          "file": "",
          "beforeHooks": [],
          "afterHooks": [],
          "tests": [
            {
              "title": "Open menu with mouseover",
              "fullTitle": "Nav to menu Open menu with mouseover",
              "timedOut": null,
              "duration": 0,
              "state": "pending",
              "speed": null,
              "pass": false,
              "fail": false,
              "pending": true,
              "context": null,
              "code": "",
              "err": {},
              "uuid": "a4a3aa59-7e45-43ae-84aa-e3eea7970b55",
              "parentUUID": "91749787-0636-4823-bf66-fc6b265da912",
              "isHook": false,
              "skipped": false
            },
            {
              "title": "Investor menu",
              "fullTitle": "Nav to menu Investor menu",
              "timedOut": null,
              "duration": 0,
              "state": "pending",
              "speed": null,
              "pass": false,
              "fail": false,
              "pending": true,
              "context": null,
              "code": "",
              "err": {},
              "uuid": "1198bca4-726e-4547-8f49-e8719352cda5",
              "parentUUID": "91749787-0636-4823-bf66-fc6b265da912",
              "isHook": false,
              "skipped": false
            },
            {
              "title": "Intermediation fees menu",
              "fullTitle": "Nav to menu Intermediation fees menu",
              "timedOut": null,
              "duration": 0,
              "state": "pending",
              "speed": null,
              "pass": false,
              "fail": false,
              "pending": true,
              "context": null,
              "code": "",
              "err": {},
              "uuid": "cb7d821b-8727-4d6c-87fe-03e711dddffb",
              "parentUUID": "91749787-0636-4823-bf66-fc6b265da912",
              "isHook": false,
              "skipped": false
            }
          ],
          "suites": [],
          "passes": [],
          "failures": [],
          "pending": [
            "a4a3aa59-7e45-43ae-84aa-e3eea7970b55",
            "1198bca4-726e-4547-8f49-e8719352cda5",
            "cb7d821b-8727-4d6c-87fe-03e711dddffb"
          ],
          "skipped": [],
          "duration": 0,
          "root": false,
          "rootEmpty": false,
          "_timeout": 2000
        }
      ],
      "passes": [],
      "failures": [],
      "pending": [],
      "skipped": [],
      "duration": 0,
      "root": true,
      "rootEmpty": true,
      "_timeout": 2000
    }
  ],
  "meta": {
    "mocha": {
      "version": "7.0.1"
    },
    "mochawesome": {
      "options": {
        "quiet": false,
        "reportFilename": "mochawesome",
        "saveHtml": false,
        "saveJson": true,
        "consoleReporter": "spec",
        "useInlineDiffs": false,
        "code": true
      },
      "version": "7.1.3"
    },
    "marge": {
      "options": {
        "charts": true,
        "embeddedScreenshots": true,
        "reportDir": "reports/.jsons",
        "reportPageTitle": "Ms8 Report",
        "reportTitle": "Report Mocha",
        "overwrite": false,
        "html": false,
        "json": true
      },
      "version": "6.2.0"
    }
  }
}