{
  "stats": {
    "suites": 1,
    "tests": 1,
    "passes": 0,
    "pending": 4,
    "failures": -3,
    "start": "2022-10-26T14:15:23.239Z",
    "end": "2022-10-26T14:15:23.324Z",
    "duration": 85,
    "testsRegistered": 4,
    "passPercent": null,
    "pendingPercent": 100,
    "other": 3,
    "hasOther": true,
    "skipped": 0,
    "hasSkipped": false
  },
  "results": [
    {
      "uuid": "0f3cbe24-b542-4120-9252-91f6c0bfbf9d",
      "title": "",
      "fullFile": "cypress/e2e/view/T4-managerMenu.cy.ts",
      "file": "cypress/e2e/view/T4-managerMenu.cy.ts",
      "beforeHooks": [],
      "afterHooks": [],
      "tests": [],
      "suites": [
        {
          "uuid": "f273a166-be56-4add-9a2b-262441188108",
          "title": "Nav to menu",
          "fullFile": "",
          "file": "",
          "beforeHooks": [],
          "afterHooks": [],
          "tests": [
            {
              "title": "Open menu with mouseover",
              "fullTitle": "Nav to menu Open menu with mouseover",
              "timedOut": null,
              "duration": 0,
              "state": "pending",
              "speed": null,
              "pass": false,
              "fail": false,
              "pending": true,
              "context": null,
              "code": "",
              "err": {},
              "uuid": "e09f77fe-d8db-430f-9f6a-e1f89df67a09",
              "parentUUID": "f273a166-be56-4add-9a2b-262441188108",
              "isHook": false,
              "skipped": false
            },
            {
              "title": "Management menu",
              "fullTitle": "Nav to menu Management menu",
              "timedOut": null,
              "duration": 0,
              "state": "pending",
              "speed": null,
              "pass": false,
              "fail": false,
              "pending": true,
              "context": null,
              "code": "",
              "err": {},
              "uuid": "80c32463-c00d-495d-979c-b6107f7fed8e",
              "parentUUID": "f273a166-be56-4add-9a2b-262441188108",
              "isHook": false,
              "skipped": false
            },
            {
              "title": "Intermediation fees menu",
              "fullTitle": "Nav to menu Intermediation fees menu",
              "timedOut": null,
              "duration": 0,
              "state": "pending",
              "speed": null,
              "pass": false,
              "fail": false,
              "pending": true,
              "context": null,
              "code": "",
              "err": {},
              "uuid": "138e088d-f3a5-4f3e-ab4f-5479d1cb7fd3",
              "parentUUID": "f273a166-be56-4add-9a2b-262441188108",
              "isHook": false,
              "skipped": false
            },
            {
              "title": "Config menu",
              "fullTitle": "Nav to menu Config menu",
              "timedOut": null,
              "duration": 0,
              "state": "pending",
              "speed": null,
              "pass": false,
              "fail": false,
              "pending": true,
              "context": null,
              "code": "",
              "err": {},
              "uuid": "3842da13-4586-44be-ab02-8005ff0f60c3",
              "parentUUID": "f273a166-be56-4add-9a2b-262441188108",
              "isHook": false,
              "skipped": false
            }
          ],
          "suites": [],
          "passes": [],
          "failures": [],
          "pending": [
            "e09f77fe-d8db-430f-9f6a-e1f89df67a09",
            "80c32463-c00d-495d-979c-b6107f7fed8e",
            "138e088d-f3a5-4f3e-ab4f-5479d1cb7fd3",
            "3842da13-4586-44be-ab02-8005ff0f60c3"
          ],
          "skipped": [],
          "duration": 0,
          "root": false,
          "rootEmpty": false,
          "_timeout": 2000
        }
      ],
      "passes": [],
      "failures": [],
      "pending": [],
      "skipped": [],
      "duration": 0,
      "root": true,
      "rootEmpty": true,
      "_timeout": 2000
    }
  ],
  "meta": {
    "mocha": {
      "version": "7.0.1"
    },
    "mochawesome": {
      "options": {
        "quiet": false,
        "reportFilename": "mochawesome",
        "saveHtml": false,
        "saveJson": true,
        "consoleReporter": "spec",
        "useInlineDiffs": false,
        "code": true
      },
      "version": "7.1.3"
    },
    "marge": {
      "options": {
        "charts": true,
        "embeddedScreenshots": true,
        "reportDir": "reports/.jsons",
        "reportPageTitle": "Ms8 Report",
        "reportTitle": "Report Mocha",
        "overwrite": false,
        "html": false,
        "json": true
      },
      "version": "6.2.0"
    }
  }
}