{
  "stats": {
    "suites": 1,
    "tests": 1,
    "passes": 0,
    "pending": 4,
    "failures": -3,
    "start": "2022-10-26T14:14:49.770Z",
    "end": "2022-10-26T14:14:49.873Z",
    "duration": 103,
    "testsRegistered": 4,
    "passPercent": null,
    "pendingPercent": 100,
    "other": 3,
    "hasOther": true,
    "skipped": 0,
    "hasSkipped": false
  },
  "results": [
    {
      "uuid": "5a727fa3-57f5-4e36-8f67-164781d09f7d",
      "title": "",
      "fullFile": "cypress/e2e/view/T0-login.cy.ts",
      "file": "cypress/e2e/view/T0-login.cy.ts",
      "beforeHooks": [],
      "afterHooks": [],
      "tests": [],
      "suites": [
        {
          "uuid": "7f688b77-3ff2-43bd-beec-e2f5b2adf0cb",
          "title": "Go login",
          "fullFile": "",
          "file": "",
          "beforeHooks": [],
          "afterHooks": [],
          "tests": [
            {
              "title": "Login in with Manager",
              "fullTitle": "Go login Login in with Manager",
              "timedOut": null,
              "duration": 0,
              "state": "pending",
              "speed": null,
              "pass": false,
              "fail": false,
              "pending": true,
              "context": null,
              "code": "",
              "err": {},
              "uuid": "b66bbca4-c5b4-474b-876f-bd84ddd57574",
              "parentUUID": "7f688b77-3ff2-43bd-beec-e2f5b2adf0cb",
              "isHook": false,
              "skipped": false
            },
            {
              "title": "Login in with Investor",
              "fullTitle": "Go login Login in with Investor",
              "timedOut": null,
              "duration": 0,
              "state": "pending",
              "speed": null,
              "pass": false,
              "fail": false,
              "pending": true,
              "context": null,
              "code": "",
              "err": {},
              "uuid": "e812268d-2994-4cc7-864a-e8deffee580b",
              "parentUUID": "7f688b77-3ff2-43bd-beec-e2f5b2adf0cb",
              "isHook": false,
              "skipped": false
            },
            {
              "title": "Login in with Provider",
              "fullTitle": "Go login Login in with Provider",
              "timedOut": null,
              "duration": 0,
              "state": "pending",
              "speed": null,
              "pass": false,
              "fail": false,
              "pending": true,
              "context": null,
              "code": "",
              "err": {},
              "uuid": "70ed5907-f0ea-47bf-b1a3-e2b19d55e87e",
              "parentUUID": "7f688b77-3ff2-43bd-beec-e2f5b2adf0cb",
              "isHook": false,
              "skipped": false
            },
            {
              "title": "Invalid login",
              "fullTitle": "Go login Invalid login",
              "timedOut": null,
              "duration": 0,
              "state": "pending",
              "speed": null,
              "pass": false,
              "fail": false,
              "pending": true,
              "context": null,
              "code": "",
              "err": {},
              "uuid": "e9c594fe-3d0e-430c-8101-7720272cb37c",
              "parentUUID": "7f688b77-3ff2-43bd-beec-e2f5b2adf0cb",
              "isHook": false,
              "skipped": false
            }
          ],
          "suites": [],
          "passes": [],
          "failures": [],
          "pending": [
            "b66bbca4-c5b4-474b-876f-bd84ddd57574",
            "e812268d-2994-4cc7-864a-e8deffee580b",
            "70ed5907-f0ea-47bf-b1a3-e2b19d55e87e",
            "e9c594fe-3d0e-430c-8101-7720272cb37c"
          ],
          "skipped": [],
          "duration": 0,
          "root": false,
          "rootEmpty": false,
          "_timeout": 2000
        }
      ],
      "passes": [],
      "failures": [],
      "pending": [],
      "skipped": [],
      "duration": 0,
      "root": true,
      "rootEmpty": true,
      "_timeout": 2000
    }
  ],
  "meta": {
    "mocha": {
      "version": "7.0.1"
    },
    "mochawesome": {
      "options": {
        "quiet": false,
        "reportFilename": "mochawesome",
        "saveHtml": false,
        "saveJson": true,
        "consoleReporter": "spec",
        "useInlineDiffs": false,
        "code": true
      },
      "version": "7.1.3"
    },
    "marge": {
      "options": {
        "charts": true,
        "embeddedScreenshots": true,
        "reportDir": "reports/.jsons",
        "reportPageTitle": "Ms8 Report",
        "reportTitle": "Report Mocha",
        "overwrite": false,
        "html": false,
        "json": true
      },
      "version": "6.2.0"
    }
  }
}