{
  "stats": {
    "suites": 1,
    "tests": 1,
    "passes": 0,
    "pending": 3,
    "failures": -2,
    "start": "2022-10-26T14:15:10.185Z",
    "end": "2022-10-26T14:15:10.251Z",
    "duration": 66,
    "testsRegistered": 3,
    "passPercent": null,
    "pendingPercent": 100,
    "other": 2,
    "hasOther": true,
    "skipped": 0,
    "hasSkipped": false
  },
  "results": [
    {
      "uuid": "c757695e-ae3a-4802-988e-2c10db61af09",
      "title": "",
      "fullFile": "cypress/e2e/view/T2-forgotPass.cy.ts",
      "file": "cypress/e2e/view/T2-forgotPass.cy.ts",
      "beforeHooks": [],
      "afterHooks": [],
      "tests": [],
      "suites": [
        {
          "uuid": "e93649dc-02b6-46ce-95b2-01fcc181465f",
          "title": "Go forgot password",
          "fullFile": "",
          "file": "",
          "beforeHooks": [],
          "afterHooks": [],
          "tests": [
            {
              "title": "Page of forgot password",
              "fullTitle": "Go forgot password Page of forgot password",
              "timedOut": null,
              "duration": 0,
              "state": "pending",
              "speed": null,
              "pass": false,
              "fail": false,
              "pending": true,
              "context": null,
              "code": "",
              "err": {},
              "uuid": "a8fb44f5-26e5-4284-815b-0d28c77f6022",
              "parentUUID": "e93649dc-02b6-46ce-95b2-01fcc181465f",
              "isHook": false,
              "skipped": false
            },
            {
              "title": "Email invalid",
              "fullTitle": "Go forgot password Email invalid",
              "timedOut": null,
              "duration": 0,
              "state": "pending",
              "speed": null,
              "pass": false,
              "fail": false,
              "pending": true,
              "context": null,
              "code": "",
              "err": {},
              "uuid": "87ea290c-61b4-4dca-a66c-0a8cf13d4e28",
              "parentUUID": "e93649dc-02b6-46ce-95b2-01fcc181465f",
              "isHook": false,
              "skipped": false
            },
            {
              "title": "Email valid",
              "fullTitle": "Go forgot password Email valid",
              "timedOut": null,
              "duration": 0,
              "state": "pending",
              "speed": null,
              "pass": false,
              "fail": false,
              "pending": true,
              "context": null,
              "code": "",
              "err": {},
              "uuid": "693ae067-e55d-4eb0-b3a7-5cb468ecf6c3",
              "parentUUID": "e93649dc-02b6-46ce-95b2-01fcc181465f",
              "isHook": false,
              "skipped": false
            }
          ],
          "suites": [],
          "passes": [],
          "failures": [],
          "pending": [
            "a8fb44f5-26e5-4284-815b-0d28c77f6022",
            "87ea290c-61b4-4dca-a66c-0a8cf13d4e28",
            "693ae067-e55d-4eb0-b3a7-5cb468ecf6c3"
          ],
          "skipped": [],
          "duration": 0,
          "root": false,
          "rootEmpty": false,
          "_timeout": 2000
        }
      ],
      "passes": [],
      "failures": [],
      "pending": [],
      "skipped": [],
      "duration": 0,
      "root": true,
      "rootEmpty": true,
      "_timeout": 2000
    }
  ],
  "meta": {
    "mocha": {
      "version": "7.0.1"
    },
    "mochawesome": {
      "options": {
        "quiet": false,
        "reportFilename": "mochawesome",
        "saveHtml": false,
        "saveJson": true,
        "consoleReporter": "spec",
        "useInlineDiffs": false,
        "code": true
      },
      "version": "7.1.3"
    },
    "marge": {
      "options": {
        "charts": true,
        "embeddedScreenshots": true,
        "reportDir": "reports/.jsons",
        "reportPageTitle": "Ms8 Report",
        "reportTitle": "Report Mocha",
        "overwrite": false,
        "html": false,
        "json": true
      },
      "version": "6.2.0"
    }
  }
}