{
  "stats": {
    "suites": 1,
    "tests": 1,
    "passes": 0,
    "pending": 5,
    "failures": -4,
    "start": "2022-10-26T14:15:03.283Z",
    "end": "2022-10-26T14:15:03.409Z",
    "duration": 126,
    "testsRegistered": 5,
    "passPercent": null,
    "pendingPercent": 100,
    "other": 4,
    "hasOther": true,
    "skipped": 0,
    "hasSkipped": false
  },
  "results": [
    {
      "uuid": "75ac4aae-7118-4f01-98c7-43a9876b59fa",
      "title": "",
      "fullFile": "cypress/e2e/view/T10-registerEnterprise.cy.ts",
      "file": "cypress/e2e/view/T10-registerEnterprise.cy.ts",
      "beforeHooks": [],
      "afterHooks": [],
      "tests": [],
      "suites": [
        {
          "uuid": "08446e65-6680-4bac-ac46-c6d49a1c4c3c",
          "title": "Painel de Integraçoes",
          "fullFile": "",
          "file": "",
          "beforeHooks": [],
          "afterHooks": [],
          "tests": [
            {
              "title": "Cadastrando uma empresa com todos dados válidos",
              "fullTitle": "Painel de Integraçoes Cadastrando uma empresa com todos dados válidos",
              "timedOut": null,
              "duration": 0,
              "state": "pending",
              "speed": null,
              "pass": false,
              "fail": false,
              "pending": true,
              "context": null,
              "code": "",
              "err": {},
              "uuid": "0962adac-6697-4287-89af-7dd8c6d688d2",
              "parentUUID": "08446e65-6680-4bac-ac46-c6d49a1c4c3c",
              "isHook": false,
              "skipped": false
            },
            {
              "title": "Cadastrando uma empresa com todos dados válidos",
              "fullTitle": "Painel de Integraçoes Cadastrando uma empresa com todos dados válidos",
              "timedOut": null,
              "duration": 0,
              "state": "pending",
              "speed": null,
              "pass": false,
              "fail": false,
              "pending": true,
              "context": null,
              "code": "",
              "err": {},
              "uuid": "b8c2cc51-96a2-4c90-8512-4c3a79dffbed",
              "parentUUID": "08446e65-6680-4bac-ac46-c6d49a1c4c3c",
              "isHook": false,
              "skipped": false
            },
            {
              "title": "Cadastrando uma empresa com dados da empresa invalido",
              "fullTitle": "Painel de Integraçoes Cadastrando uma empresa com dados da empresa invalido",
              "timedOut": null,
              "duration": 0,
              "state": "pending",
              "speed": null,
              "pass": false,
              "fail": false,
              "pending": true,
              "context": null,
              "code": "",
              "err": {},
              "uuid": "8af8d2ff-cc5e-47f5-bef9-a3ca43fe2383",
              "parentUUID": "08446e65-6680-4bac-ac46-c6d49a1c4c3c",
              "isHook": false,
              "skipped": false
            },
            {
              "title": "Cadastrando uma empresa endereço invalido",
              "fullTitle": "Painel de Integraçoes Cadastrando uma empresa endereço invalido",
              "timedOut": null,
              "duration": 0,
              "state": "pending",
              "speed": null,
              "pass": false,
              "fail": false,
              "pending": true,
              "context": null,
              "code": "",
              "err": {},
              "uuid": "c7c81c71-be89-449b-ae2e-7d5311bcbb85",
              "parentUUID": "08446e65-6680-4bac-ac46-c6d49a1c4c3c",
              "isHook": false,
              "skipped": false
            },
            {
              "title": "Cadastrando uma empresa endereço responsável menor de 18",
              "fullTitle": "Painel de Integraçoes Cadastrando uma empresa endereço responsável menor de 18",
              "timedOut": null,
              "duration": 0,
              "state": "pending",
              "speed": null,
              "pass": false,
              "fail": false,
              "pending": true,
              "context": null,
              "code": "",
              "err": {},
              "uuid": "ee170695-5d4d-4a88-98e5-9d442088b967",
              "parentUUID": "08446e65-6680-4bac-ac46-c6d49a1c4c3c",
              "isHook": false,
              "skipped": false
            }
          ],
          "suites": [],
          "passes": [],
          "failures": [],
          "pending": [
            "0962adac-6697-4287-89af-7dd8c6d688d2",
            "b8c2cc51-96a2-4c90-8512-4c3a79dffbed",
            "8af8d2ff-cc5e-47f5-bef9-a3ca43fe2383",
            "c7c81c71-be89-449b-ae2e-7d5311bcbb85",
            "ee170695-5d4d-4a88-98e5-9d442088b967"
          ],
          "skipped": [],
          "duration": 0,
          "root": false,
          "rootEmpty": false,
          "_timeout": 2000
        }
      ],
      "passes": [],
      "failures": [],
      "pending": [],
      "skipped": [],
      "duration": 0,
      "root": true,
      "rootEmpty": true,
      "_timeout": 2000
    }
  ],
  "meta": {
    "mocha": {
      "version": "7.0.1"
    },
    "mochawesome": {
      "options": {
        "quiet": false,
        "reportFilename": "mochawesome",
        "saveHtml": false,
        "saveJson": true,
        "consoleReporter": "spec",
        "useInlineDiffs": false,
        "code": true
      },
      "version": "7.1.3"
    },
    "marge": {
      "options": {
        "charts": true,
        "embeddedScreenshots": true,
        "reportDir": "reports/.jsons",
        "reportPageTitle": "Ms8 Report",
        "reportTitle": "Report Mocha",
        "overwrite": false,
        "html": false,
        "json": true
      },
      "version": "6.2.0"
    }
  }
}